<?xml version="1.0" encoding="UTF-8"?>
<!-- Generated by org.testng.reporters.JUnitReportReporter -->
<testsuite hostname="MDB20LT318" name="com.qa.testcase.TC1_Get" tests="5" failures="0" timestamp="25 May 2019 10:19:09 GMT" time="0.059" errors="0">
  <testcase name="checkStatusCode" time="0.003" classname="com.qa.testcase.TC1_Get"/>
  <testcase name="checkResponseBody" time="0.036" classname="com.qa.testcase.TC1_Get"/>
  <testcase name="checkserverType" time="0.003" classname="com.qa.testcase.TC1_Get"/>
  <testcase name="checkcontentEncoding" time="0.004" classname="com.qa.testcase.TC1_Get"/>
  <testcase name="checkContentType" time="0.013" classname="com.qa.testcase.TC1_Get"/>
</testsuite> <!-- com.qa.testcase.TC1_Get -->
