<?xml version="1.0" encoding="UTF-8"?>
<!-- Generated by org.testng.reporters.JUnitReportReporter -->
<testsuite hostname="MDB20LT318" name="com.qa.testcase.TC3_PUT" tests="10" failures="0" timestamp="25 May 2019 12:28:07 GMT" time="11.438" errors="0">
  <testcase name="tearDown" time="0.002" classname="com.qa.testcase.TC3_PUT"/>
  <testcase name="getId" time="3.556" classname="com.qa.testcase.TC3_PUT"/>
  <testcase name="checkserverType" time="0.004" classname="com.qa.testcase.TC3_PUT"/>
  <testcase name="PUT" time="7.818" classname="com.qa.testcase.TC3_PUT"/>
  <testcase name="checkResponseTime" time="0.011" classname="com.qa.testcase.TC3_PUT"/>
  <testcase name="checkStatusCode" time="0.001" classname="com.qa.testcase.TC3_PUT"/>
  <testcase name="checkcontentEncoding" time="0.003" classname="com.qa.testcase.TC3_PUT"/>
  <testcase name="checkResponseBody" time="0.020" classname="com.qa.testcase.TC3_PUT"/>
  <testcase name="checkContentType" time="0.016" classname="com.qa.testcase.TC3_PUT"/>
  <testcase name="checkstatusLine" time="0.007" classname="com.qa.testcase.TC3_PUT"/>
</testsuite> <!-- com.qa.testcase.TC3_PUT -->
