<?xml version="1.0" encoding="UTF-8"?>
<!-- Generated by org.testng.reporters.JUnitReportReporter -->
<testsuite hostname="MDB20LT318" name="com.qa.testcase.Authentication$premitive" tests="1" failures="0" timestamp="26 May 2019 05:36:58 GMT" time="2.606" errors="0">
  <testcase name="preauth" time="2.606" classname="com.qa.testcase.Authentication$premitive"/>
</testsuite> <!-- com.qa.testcase.Authentication$premitive -->
