<?xml version="1.0" encoding="UTF-8"?>
<!-- Generated by org.testng.reporters.JUnitReportReporter -->
<testsuite hostname="MDB20LT318" name="getRequest.testOne$Hello" tests="1" failures="0" timestamp="16 Apr 2019 07:39:46 GMT" time="0.018" errors="0">
  <testcase name="f" time="0.018" classname="getRequest.testOne$Hello"/>
</testsuite> <!-- getRequest.testOne$Hello -->
