<?xml version="1.0" encoding="UTF-8"?>
<!-- Generated by org.testng.reporters.JUnitReportReporter -->
<testsuite hostname="MDB20LT318" name="com.qa.testcase.TC2_Post" tests="9" failures="0" timestamp="26 May 2019 04:47:48 GMT" time="8.453" errors="0">
  <testcase name="checkserverType" time="0.003" classname="com.qa.testcase.TC2_Post"/>
  <testcase name="checkResponseTime" time="0.003" classname="com.qa.testcase.TC2_Post"/>
  <testcase name="checkStatusCode" time="0.001" classname="com.qa.testcase.TC2_Post"/>
  <testcase name="Post" time="8.397" classname="com.qa.testcase.TC2_Post"/>
  <testcase name="checkResponseBody" time="0.016" classname="com.qa.testcase.TC2_Post"/>
  <testcase name="checkcontentEncoding" time="0.003" classname="com.qa.testcase.TC2_Post"/>
  <testcase name="checkstatusLine" time="0.006" classname="com.qa.testcase.TC2_Post"/>
  <testcase name="tearDown" time="0.001" classname="com.qa.testcase.TC2_Post"/>
  <testcase name="checkContentType" time="0.023" classname="com.qa.testcase.TC2_Post"/>
</testsuite> <!-- com.qa.testcase.TC2_Post -->
